Traceback (most recent call last):
  File "/home/mwess/.local/lib/python3.10/site-packages/jupyter_cache/executors/utils.py", line 58, in single_nb_execution
    executenb(
  File "/home/mwess/.local/lib/python3.10/site-packages/nbclient/client.py", line 1263, in execute
    return NotebookClient(nb=nb, resources=resources, km=km, **kwargs).execute()
  File "/home/mwess/.local/lib/python3.10/site-packages/nbclient/util.py", line 85, in wrapped
    return just_run(coro(*args, **kwargs))
  File "/home/mwess/.local/lib/python3.10/site-packages/nbclient/util.py", line 60, in just_run
    return loop.run_until_complete(coro)
  File "/usr/lib/python3.10/asyncio/base_events.py", line 649, in run_until_complete
    return future.result()
  File "/home/mwess/.local/lib/python3.10/site-packages/nbclient/client.py", line 701, in async_execute
    await self.async_execute_cell(
  File "/home/mwess/.local/lib/python3.10/site-packages/nbclient/client.py", line 1019, in async_execute_cell
    await self._check_raise_for_error(cell, cell_index, exec_reply)
  File "/home/mwess/.local/lib/python3.10/site-packages/nbclient/client.py", line 913, in _check_raise_for_error
    raise CellExecutionError.from_cell_and_msg(cell, exec_reply_content)
nbclient.exceptions.CellExecutionError: An error occurred while executing the following cell:
------------------
T = 1
udot = gfu.vec.CreateVector()
udot[:] = 0.
gfu.vec[:] = 0.
omega = 15

scene = Draw(gfu, deformation=True)
for j in range(int(T/tau)):
    gfu.vec.data += tau/2 * udot
    udot.data += tau * mstarinv*(1/2*(cos(j*tau*omega)+cos((j+1)*tau*omega))-S.mat*gfu.vec)
    gfu.vec.data += tau/2 * udot
    scene.Redraw()
------------------

[0;31m---------------------------------------------------------------------------[0m
[0;31mTypeError[0m                                 Traceback (most recent call last)
Input [0;32mIn [14][0m, in [0;36m<cell line: 8>[0;34m()[0m
[1;32m      8[0m [38;5;28;01mfor[39;00m j [38;5;129;01min[39;00m [38;5;28mrange[39m([38;5;28mint[39m(T[38;5;241m/[39mtau)):
[1;32m      9[0m     gfu[38;5;241m.[39mvec[38;5;241m.[39mdata [38;5;241m+[39m[38;5;241m=[39m tau[38;5;241m/[39m[38;5;241m2[39m [38;5;241m*[39m udot
[0;32m---> 10[0m     udot[38;5;241m.[39mdata [38;5;241m+[39m[38;5;241m=[39m tau [38;5;241m*[39m mstarinv[38;5;241m*[39m([38;5;241;43m1[39;49m[38;5;241;43m/[39;49m[38;5;241;43m2[39;49m[38;5;241;43m*[39;49m[43m([49m[43mcos[49m[43m([49m[43mj[49m[38;5;241;43m*[39;49m[43mtau[49m[38;5;241;43m*[39;49m[43momega[49m[43m)[49m[38;5;241;43m+[39;49m[43mcos[49m[43m([49m[43m([49m[43mj[49m[38;5;241;43m+[39;49m[38;5;241;43m1[39;49m[43m)[49m[38;5;241;43m*[39;49m[43mtau[49m[38;5;241;43m*[39;49m[43momega[49m[43m)[49m[43m)[49m[38;5;241;43m-[39;49m[43mS[49m[38;5;241;43m.[39;49m[43mmat[49m[38;5;241;43m*[39;49m[43mgfu[49m[38;5;241;43m.[39;49m[43mvec[49m)
[1;32m     11[0m     gfu[38;5;241m.[39mvec[38;5;241m.[39mdata [38;5;241m+[39m[38;5;241m=[39m tau[38;5;241m/[39m[38;5;241m2[39m [38;5;241m*[39m udot
[1;32m     12[0m     scene[38;5;241m.[39mRedraw()

[0;31mTypeError[0m: unsupported operand type(s) for -: 'float' and 'ngsolve.la.DynamicVectorExpression'
TypeError: unsupported operand type(s) for -: 'float' and 'ngsolve.la.DynamicVectorExpression'

